<?xml version="1.0" encoding="UTF-8"?>
<testng-results skipped="0" failed="0" ignored="0" total="1" passed="1">
  <reporter-output>
  </reporter-output>
  <suite name="Default suite" duration-ms="5428" started-at="2022-03-04T13:36:45Z" finished-at="2022-03-04T13:36:50Z">
    <groups>
    </groups>
    <test name="Default test" duration-ms="5428" started-at="2022-03-04T13:36:45Z" finished-at="2022-03-04T13:36:50Z">
      <class name="com.test.LoginTest2">
        <test-method status="PASS" signature="test01()[pri:0, instance:com.test.LoginTest2@1ce92674]" name="test01" duration-ms="5390" started-at="2022-03-04T13:36:45Z" finished-at="2022-03-04T13:36:50Z">
          <reporter-output>
          </reporter-output>
        </test-method> <!-- test01 -->
      </class> <!-- com.test.LoginTest2 -->
    </test> <!-- Default test -->
  </suite> <!-- Default suite -->
</testng-results>
